<?xml version="1.0" encoding="UTF-8"?>
<!-- Generated by org.testng.reporters.JUnitReportReporter -->
<testsuite skipped="0" hostname="BDC11-L-7200HHJ" name="MascamoMedicareblore.brach1.test2" tests="1" failures="0" timestamp="28 Jul 2018 13:02:57 GMT" time="0.017" errors="0">
  <testcase name="sample2" time="0.017" classname="MascamoMedicareblore.brach1.test2"/>
</testsuite> <!-- MascamoMedicareblore.brach1.test2 -->
