<?xml version="1.0" encoding="UTF-8"?>
<!-- Generated by org.testng.reporters.JUnitReportReporter -->
<testsuite skipped="0" hostname="BDC11-L-7200HHJ" name="MascamoMedicareblore.brach1.test1" tests="1" failures="0" timestamp="28 Jul 2018 13:05:51 GMT" time="0.016" errors="0">
  <testcase name="testsample1" time="0.016" classname="MascamoMedicareblore.brach1.test1"/>
</testsuite> <!-- MascamoMedicareblore.brach1.test1 -->
